[     665ms] [WARNING] The PerformanceObserver does not support buffered flag with the entryTypes argument. @ https://www.gstatic.com/_/mss/boq-cloud-client/_/js/k=boq-cloud-client.CloudConsoleWeb.en_US.UVjEWh29wvw.es5.O/am=AAAAAAA4AAAAAAAAsA/d=1/excm=core/ed=1/wt=2/ujg=1/rs=AJ563L_FEIV4hAku66D-5vF5dOjSrmsStQ/dti=1/m=core:1191
[    1111ms] [ERROR] Failed to load resource: the server responded with a status of 404 () @ https://cloudusersettings-pa.clients6.google.com/v1alpha1/settings/PAN_CORE_ACCESSIBILITY_KEYBOARD_SHORTCUTS?key=AIzaSyCI-zsRP85UVOi0DjtiCwWBwQ1djDy741g:0
[    1396ms] [WARNING] No ID or name found in config. @ https://www.gstatic.com/_/mss/boq-cloud-client/_/js/k=boq-cloud-client.CloudConsoleWeb.en_US.UVjEWh29wvw.es5.O/am=AAAAAAA4AAAAAAAAsA/d=1/excm=core/ed=1/wt=2/ujg=1/rs=AJ563L_FEIV4hAku66D-5vF5dOjSrmsStQ/dti=1/m=core:3902
[    1460ms] [WARNING] A preload for 'https://www.gstatic.com/_/mss/boq-cloud-client/_/js/md=1/k=boq-cloud-client.MarketplaceDiscoveryMicroUi.en_US.MG_d0OPwfmo.es6.O/ck=boq-cloud-client.MarketplaceDiscoveryMicroUi.dqd0Nr-oeIs.L.W.O/am=AAAAAAAAoA/rs=AJ563L92K1C0YfZEo8GSs_wyPL0KQhL_Fw' is found, but is not used because the request credentials mode does not match. Consider taking a look at crossorigin attribute. @ https://www.gstatic.com/_/mss/boq-cloud-client/_/js/k=boq-cloud-client.CloudConsoleWeb.en_US.UVjEWh29wvw.es5.O/am=AAAAAAA4AAAAAAAAsA/d=1/excm=core/ed=1/wt=2/ujg=1/rs=AJ563L_FEIV4hAku66D-5vF5dOjSrmsStQ/dti=1/m=core:342
[    1690ms] [ERROR] Failed to load resource: the server responded with a status of 404 () @ https://cloudusersettings-pa.clients6.google.com/v1alpha1/settings/PIPELINES_AND_CONNECTIONS_OPT_IN?key=AIzaSyCI-zsRP85UVOi0DjtiCwWBwQ1djDy741g:0
[    3302ms] [ERROR] Failed to load resource: the server responded with a status of 404 () @ https://cloudusersettings-pa.clients6.google.com/v1alpha1/settings/GROWTH_TARGETED_FEATURE_HISTORY/keys/survey_apis_site?key=AIzaSyCI-zsRP85UVOi0DjtiCwWBwQ1djDy741g:0
[    3303ms] [ERROR] ERROR ErrorResponse @ https://www.gstatic.com/_/mss/boq-cloud-client/_/js/k=boq-cloud-client.CloudConsoleWeb.en_US.UVjEWh29wvw.es5.O/am=AAAAAAA4AAAAAAAAsA/d=1/excm=core/ed=1/wt=2/ujg=1/rs=AJ563L_FEIV4hAku66D-5vF5dOjSrmsStQ/dti=1/m=core:2039
[    4057ms] [ERROR] Failed to load resource: the server responded with a status of 400 () @ https://cloudusersettings-pa.clients6.google.com/v1alpha1/settings/GROWTH_TARGETED_FEATURE_HISTORY?key=AIzaSyCI-zsRP85UVOi0DjtiCwWBwQ1djDy741g:0
[    4058ms] [ERROR] Failed to load resource: the server responded with a status of 404 () @ https://cloudusersettings-pa.clients6.google.com/v1alpha1/settings/MFA_COHORT_DIALOG_SETTINGS?key=AIzaSyCI-zsRP85UVOi0DjtiCwWBwQ1djDy741g:0
[    4091ms] [ERROR] Failed to load resource: the server responded with a status of 400 () @ https://cloudusersettings-pa.clients6.google.com/v1alpha1/settings/GROWTH_TARGETED_FEATURE_HISTORY?key=AIzaSyCI-zsRP85UVOi0DjtiCwWBwQ1djDy741g:0
[    4119ms] [ERROR] Failed to load resource: the server responded with a status of 404 () @ https://cloudusersettings-pa.clients6.google.com/v1alpha1/settings/COE_NU_FIRST_CHARGE_BANNER_DISMISSALS?key=AIzaSyCI-zsRP85UVOi0DjtiCwWBwQ1djDy741g:0
[    4268ms] [ERROR] Failed to load resource: the server responded with a status of 404 () @ https://cloudusersettings-pa.clients6.google.com/v1alpha1/settings/GROWTH_TARGETED_FEATURE_HISTORY/keys/recently_visited_products_new_badge?key=AIzaSyCI-zsRP85UVOi0DjtiCwWBwQ1djDy741g:0
[   21353ms] [WARNING] No ID or name found in config. @ https://www.gstatic.com/_/mss/boq-cloud-client/_/js/k=boq-cloud-client.CloudConsoleWeb.en_US.UVjEWh29wvw.es5.O/am=AAAAAAA4AAAAAAAAsA/d=1/excm=core/ed=1/wt=2/ujg=1/rs=AJ563L_FEIV4hAku66D-5vF5dOjSrmsStQ/dti=1/m=core:3902
[   21359ms] [WARNING] No ID or name found in config. @ https://www.gstatic.com/_/mss/boq-cloud-client/_/js/k=boq-cloud-client.CloudConsoleWeb.en_US.UVjEWh29wvw.es5.O/am=AAAAAAA4AAAAAAAAsA/d=1/excm=core/ed=1/wt=2/ujg=1/rs=AJ563L_FEIV4hAku66D-5vF5dOjSrmsStQ/dti=1/m=core:3902
[   21362ms] [WARNING] No ID or name found in config. @ https://www.gstatic.com/_/mss/boq-cloud-client/_/js/k=boq-cloud-client.CloudConsoleWeb.en_US.UVjEWh29wvw.es5.O/am=AAAAAAA4AAAAAAAAsA/d=1/excm=core/ed=1/wt=2/ujg=1/rs=AJ563L_FEIV4hAku66D-5vF5dOjSrmsStQ/dti=1/m=core:3902
[   21364ms] [WARNING] No ID or name found in config. @ https://www.gstatic.com/_/mss/boq-cloud-client/_/js/k=boq-cloud-client.CloudConsoleWeb.en_US.UVjEWh29wvw.es5.O/am=AAAAAAA4AAAAAAAAsA/d=1/excm=core/ed=1/wt=2/ujg=1/rs=AJ563L_FEIV4hAku66D-5vF5dOjSrmsStQ/dti=1/m=core:3902
[   21367ms] [WARNING] No ID or name found in config. @ https://www.gstatic.com/_/mss/boq-cloud-client/_/js/k=boq-cloud-client.CloudConsoleWeb.en_US.UVjEWh29wvw.es5.O/am=AAAAAAA4AAAAAAAAsA/d=1/excm=core/ed=1/wt=2/ujg=1/rs=AJ563L_FEIV4hAku66D-5vF5dOjSrmsStQ/dti=1/m=core:3902
[   21580ms] [ERROR] Failed to load resource: the server responded with a status of 404 () @ https://cloudusersettings-pa.clients6.google.com/v1alpha1/settings/SIDENAV_COMPACT_MODE?key=AIzaSyCI-zsRP85UVOi0DjtiCwWBwQ1djDy741g:0
[   23381ms] [WARNING] Mixed Content: The page at 'https://console.cloud.google.com/apis/api/gmail.googleapis.com/metrics?project=kogflow' was loaded over HTTPS, but requested an insecure element 'http://lh3.googleusercontent.com/MUQv7nIwSyBjiF4doZ_jaeDVx1oEGqRGCKvs1Y96Fl2WaMrNJWplCctLFQtpn9FBk5xl7Dgn7khgJqP_q9cI=w92-h92'. This request was automatically upgraded to HTTPS, For more information see https://blog.chromium.org/2019/10/no-more-mixed-messages-about-https.html @ https://console.cloud.google.com/apis/api/gmail.googleapis.com/metrics?project=kogflow:0
[   24209ms] [ERROR] Failed to load resource: the server responded with a status of 404 () @ https://cloudusersettings-pa.clients6.google.com/v1alpha1/settings/CONSUMED_API_DASHBOARD/projects/kogflow/keys/gmail.googleapis.com?key=AIzaSyCI-zsRP85UVOi0DjtiCwWBwQ1djDy741g:0
[   24343ms] [WARNING] No ID or name found in config. @ https://www.gstatic.com/_/mss/boq-cloud-client/_/js/k=boq-cloud-client.CloudConsoleWeb.en_US.UVjEWh29wvw.es5.O/am=AAAAAAA4AAAAAAAAsA/d=1/excm=core/ed=1/wt=2/ujg=1/rs=AJ563L_FEIV4hAku66D-5vF5dOjSrmsStQ/dti=1/m=core:3902
[   24362ms] [WARNING] No ID or name found in config. @ https://www.gstatic.com/_/mss/boq-cloud-client/_/js/k=boq-cloud-client.CloudConsoleWeb.en_US.UVjEWh29wvw.es5.O/am=AAAAAAA4AAAAAAAAsA/d=1/excm=core/ed=1/wt=2/ujg=1/rs=AJ563L_FEIV4hAku66D-5vF5dOjSrmsStQ/dti=1/m=core:3902
[   24369ms] [WARNING] No ID or name found in config. @ https://www.gstatic.com/_/mss/boq-cloud-client/_/js/k=boq-cloud-client.CloudConsoleWeb.en_US.UVjEWh29wvw.es5.O/am=AAAAAAA4AAAAAAAAsA/d=1/excm=core/ed=1/wt=2/ujg=1/rs=AJ563L_FEIV4hAku66D-5vF5dOjSrmsStQ/dti=1/m=core:3902
[   24375ms] [WARNING] No ID or name found in config. @ https://www.gstatic.com/_/mss/boq-cloud-client/_/js/k=boq-cloud-client.CloudConsoleWeb.en_US.UVjEWh29wvw.es5.O/am=AAAAAAA4AAAAAAAAsA/d=1/excm=core/ed=1/wt=2/ujg=1/rs=AJ563L_FEIV4hAku66D-5vF5dOjSrmsStQ/dti=1/m=core:3902
