[     852ms] [WARNING] The PerformanceObserver does not support buffered flag with the entryTypes argument. @ https://www.gstatic.com/_/mss/boq-cloud-client/_/js/k=boq-cloud-client.CloudConsoleWeb.en_US.UVjEWh29wvw.es5.O/am=AAAAAAA4AAAAAAAAsA/d=1/excm=core/ed=1/wt=2/ujg=1/rs=AJ563L_FEIV4hAku66D-5vF5dOjSrmsStQ/dti=1/m=core:1191
[    1393ms] [ERROR] Failed to load resource: the server responded with a status of 404 () @ https://cloudusersettings-pa.clients6.google.com/v1alpha1/settings/PAN_CORE_ACCESSIBILITY_KEYBOARD_SHORTCUTS?key=AIzaSyCI-zsRP85UVOi0DjtiCwWBwQ1djDy741g:0
[    1686ms] [WARNING] No ID or name found in config. @ https://www.gstatic.com/_/mss/boq-cloud-client/_/js/k=boq-cloud-client.CloudConsoleWeb.en_US.UVjEWh29wvw.es5.O/am=AAAAAAA4AAAAAAAAsA/d=1/excm=core/ed=1/wt=2/ujg=1/rs=AJ563L_FEIV4hAku66D-5vF5dOjSrmsStQ/dti=1/m=core:3902
[    1880ms] [WARNING] No ID or name found in config. @ https://www.gstatic.com/_/mss/boq-cloud-client/_/js/k=boq-cloud-client.CloudConsoleWeb.en_US.UVjEWh29wvw.es5.O/am=AAAAAAA4AAAAAAAAsA/d=1/excm=core/ed=1/wt=2/ujg=1/rs=AJ563L_FEIV4hAku66D-5vF5dOjSrmsStQ/dti=1/m=core:3902
[    1884ms] [WARNING] No ID or name found in config. @ https://www.gstatic.com/_/mss/boq-cloud-client/_/js/k=boq-cloud-client.CloudConsoleWeb.en_US.UVjEWh29wvw.es5.O/am=AAAAAAA4AAAAAAAAsA/d=1/excm=core/ed=1/wt=2/ujg=1/rs=AJ563L_FEIV4hAku66D-5vF5dOjSrmsStQ/dti=1/m=core:3902
[    1887ms] [WARNING] No ID or name found in config. @ https://www.gstatic.com/_/mss/boq-cloud-client/_/js/k=boq-cloud-client.CloudConsoleWeb.en_US.UVjEWh29wvw.es5.O/am=AAAAAAA4AAAAAAAAsA/d=1/excm=core/ed=1/wt=2/ujg=1/rs=AJ563L_FEIV4hAku66D-5vF5dOjSrmsStQ/dti=1/m=core:3902
[    1890ms] [WARNING] No ID or name found in config. @ https://www.gstatic.com/_/mss/boq-cloud-client/_/js/k=boq-cloud-client.CloudConsoleWeb.en_US.UVjEWh29wvw.es5.O/am=AAAAAAA4AAAAAAAAsA/d=1/excm=core/ed=1/wt=2/ujg=1/rs=AJ563L_FEIV4hAku66D-5vF5dOjSrmsStQ/dti=1/m=core:3902
[    1893ms] [WARNING] No ID or name found in config. @ https://www.gstatic.com/_/mss/boq-cloud-client/_/js/k=boq-cloud-client.CloudConsoleWeb.en_US.UVjEWh29wvw.es5.O/am=AAAAAAA4AAAAAAAAsA/d=1/excm=core/ed=1/wt=2/ujg=1/rs=AJ563L_FEIV4hAku66D-5vF5dOjSrmsStQ/dti=1/m=core:3902
[    1991ms] [ERROR] Failed to load resource: the server responded with a status of 404 () @ https://cloudusersettings-pa.clients6.google.com/v1alpha1/settings/PIPELINES_AND_CONNECTIONS_OPT_IN?key=AIzaSyCI-zsRP85UVOi0DjtiCwWBwQ1djDy741g:0
[    1992ms] [ERROR] Failed to load resource: the server responded with a status of 404 () @ https://cloudusersettings-pa.clients6.google.com/v1alpha1/settings/SIDENAV_COMPACT_MODE?key=AIzaSyCI-zsRP85UVOi0DjtiCwWBwQ1djDy741g:0
[    3709ms] [WARNING] No ID or name found in config. @ https://www.gstatic.com/_/mss/boq-cloud-client/_/js/k=boq-cloud-client.CloudConsoleWeb.en_US.UVjEWh29wvw.es5.O/am=AAAAAAA4AAAAAAAAsA/d=1/excm=core/ed=1/wt=2/ujg=1/rs=AJ563L_FEIV4hAku66D-5vF5dOjSrmsStQ/dti=1/m=core:3902
[    3713ms] [WARNING] No ID or name found in config. @ https://www.gstatic.com/_/mss/boq-cloud-client/_/js/k=boq-cloud-client.CloudConsoleWeb.en_US.UVjEWh29wvw.es5.O/am=AAAAAAA4AAAAAAAAsA/d=1/excm=core/ed=1/wt=2/ujg=1/rs=AJ563L_FEIV4hAku66D-5vF5dOjSrmsStQ/dti=1/m=core:3902
[    3717ms] [WARNING] No ID or name found in config. @ https://www.gstatic.com/_/mss/boq-cloud-client/_/js/k=boq-cloud-client.CloudConsoleWeb.en_US.UVjEWh29wvw.es5.O/am=AAAAAAA4AAAAAAAAsA/d=1/excm=core/ed=1/wt=2/ujg=1/rs=AJ563L_FEIV4hAku66D-5vF5dOjSrmsStQ/dti=1/m=core:3902
[    3720ms] [WARNING] No ID or name found in config. @ https://www.gstatic.com/_/mss/boq-cloud-client/_/js/k=boq-cloud-client.CloudConsoleWeb.en_US.UVjEWh29wvw.es5.O/am=AAAAAAA4AAAAAAAAsA/d=1/excm=core/ed=1/wt=2/ujg=1/rs=AJ563L_FEIV4hAku66D-5vF5dOjSrmsStQ/dti=1/m=core:3902
[    3724ms] [WARNING] No ID or name found in config. @ https://www.gstatic.com/_/mss/boq-cloud-client/_/js/k=boq-cloud-client.CloudConsoleWeb.en_US.UVjEWh29wvw.es5.O/am=AAAAAAA4AAAAAAAAsA/d=1/excm=core/ed=1/wt=2/ujg=1/rs=AJ563L_FEIV4hAku66D-5vF5dOjSrmsStQ/dti=1/m=core:3902
[    3728ms] [WARNING] No ID or name found in config. @ https://www.gstatic.com/_/mss/boq-cloud-client/_/js/k=boq-cloud-client.CloudConsoleWeb.en_US.UVjEWh29wvw.es5.O/am=AAAAAAA4AAAAAAAAsA/d=1/excm=core/ed=1/wt=2/ujg=1/rs=AJ563L_FEIV4hAku66D-5vF5dOjSrmsStQ/dti=1/m=core:3902
[    3732ms] [WARNING] No ID or name found in config. @ https://www.gstatic.com/_/mss/boq-cloud-client/_/js/k=boq-cloud-client.CloudConsoleWeb.en_US.UVjEWh29wvw.es5.O/am=AAAAAAA4AAAAAAAAsA/d=1/excm=core/ed=1/wt=2/ujg=1/rs=AJ563L_FEIV4hAku66D-5vF5dOjSrmsStQ/dti=1/m=core:3902
[    4088ms] [ERROR] ERROR ErrorResponse @ https://www.gstatic.com/_/mss/boq-cloud-client/_/js/k=boq-cloud-client.CloudConsoleWeb.en_US.UVjEWh29wvw.es5.O/am=AAAAAAA4AAAAAAAAsA/d=1/excm=core/ed=1/wt=2/ujg=1/rs=AJ563L_FEIV4hAku66D-5vF5dOjSrmsStQ/dti=1/m=core:2039
[    4275ms] [ERROR] Failed to load resource: the server responded with a status of 400 () @ https://cloudusersettings-pa.clients6.google.com/v1alpha1/settings/GROWTH_TARGETED_FEATURE_HISTORY?key=AIzaSyCI-zsRP85UVOi0DjtiCwWBwQ1djDy741g:0
[    4280ms] [ERROR] Failed to load resource: the server responded with a status of 404 () @ https://cloudusersettings-pa.clients6.google.com/v1alpha1/settings/MFA_COHORT_DIALOG_SETTINGS?key=AIzaSyCI-zsRP85UVOi0DjtiCwWBwQ1djDy741g:0
[    4321ms] [ERROR] Failed to load resource: the server responded with a status of 400 () @ https://cloudusersettings-pa.clients6.google.com/v1alpha1/settings/GROWTH_TARGETED_FEATURE_HISTORY?key=AIzaSyCI-zsRP85UVOi0DjtiCwWBwQ1djDy741g:0
[    4460ms] [ERROR] Failed to load resource: the server responded with a status of 404 () @ https://cloudusersettings-pa.clients6.google.com/v1alpha1/settings/COE_NU_FIRST_CHARGE_BANNER_DISMISSALS?key=AIzaSyCI-zsRP85UVOi0DjtiCwWBwQ1djDy741g:0
[    4469ms] [ERROR] Failed to load resource: the server responded with a status of 404 () @ https://cloudusersettings-pa.clients6.google.com/v1alpha1/settings/GROWTH_TARGETED_FEATURE_HISTORY/keys/recently_visited_products_new_badge?key=AIzaSyCI-zsRP85UVOi0DjtiCwWBwQ1djDy741g:0
[    8471ms] [WARNING] The resource https://www.gstatic.com/pantheon/images/shellgm2/icons-medium_v15.svg was preloaded using link preload but not used within a few seconds from the window's load event. Please make sure it has an appropriate `as` value and it is preloaded intentionally. @ https://console.cloud.google.com/auth/clients/242587333559-gsaij8448ss0vj4ppl5gt0o8771prm9h.apps.googleusercontent.com?project=kogflow:0
[    8471ms] [WARNING] The resource https://www.gstatic.com/pantheon/images/common/icons-medium_v163.svg was preloaded using link preload but not used within a few seconds from the window's load event. Please make sure it has an appropriate `as` value and it is preloaded intentionally. @ https://console.cloud.google.com/auth/clients/242587333559-gsaij8448ss0vj4ppl5gt0o8771prm9h.apps.googleusercontent.com?project=kogflow:0
[    8471ms] [WARNING] The resource https://www.gstatic.com/_/mss/boq-cloud-client/_/js/md=1/k=boq-cloud-client.OauthMicroUi.en_US.yiWIQld-MXg.es6.O/ck=boq-cloud-client.OauthMicroUi.Cmvi1nFyOe4.L.W.O/am=AAAAAAAAAg/rs=AJ563L-QyMuVEkG2ld_rpGWYRSh7MOeaYg was preloaded using link preload but not used within a few seconds from the window's load event. Please make sure it has an appropriate `as` value and it is preloaded intentionally. @ https://console.cloud.google.com/auth/clients/242587333559-gsaij8448ss0vj4ppl5gt0o8771prm9h.apps.googleusercontent.com?project=kogflow:0
[    8471ms] [WARNING] The resource https://www.gstatic.com/_/mss/boq-cloud-client/_/js/k=boq-cloud-client.OauthMicroUi.en_US.yiWIQld-MXg.es6.O/am=AAAAAAAAAg/d=1/rs=AJ563L8QHFFaa70mti-nTbBNFQHn1eOuig/m=b was preloaded using link preload but not used within a few seconds from the window's load event. Please make sure it has an appropriate `as` value and it is preloaded intentionally. @ https://console.cloud.google.com/auth/clients/242587333559-gsaij8448ss0vj4ppl5gt0o8771prm9h.apps.googleusercontent.com?project=kogflow:0
